This is pdfTeX, Version 3.1415926-2.5-1.40.14 (MiKTeX 2.9) (preloaded format=pdflatex 2014.11.16)  13 AUG 2017 21:57
entering extended mode
**431-notes.tex
(C:\Users\Thomas\Dropbox\2017-431\431notes\431-notes.tex
LaTeX2e <2014/05/01>
Babel <3.9l> and hyphenation patterns for 68 languages loaded.
("C:\Program Files (x86)\MiKTeX 2.9\tex\latex\base\book.cls"
Document Class: book 2014/09/29 v1.4h Standard LaTeX document class
("C:\Program Files (x86)\MiKTeX 2.9\tex\latex\base\bk10.clo"
File: bk10.clo 2014/09/29 v1.4h Standard LaTeX file (size option)
)
\c@part=\count79
\c@chapter=\count80
\c@section=\count81
\c@subsection=\count82
\c@subsubsection=\count83
\c@paragraph=\count84
\c@subparagraph=\count85
\c@figure=\count86
\c@table=\count87
\abovecaptionskip=\skip41
\belowcaptionskip=\skip42
\bibindent=\dimen102
) ("C:\Program Files (x86)\MiKTeX 2.9\tex\latex\lm\lmodern.sty"
Package: lmodern 2009/10/30 v1.6 Latin Modern Fonts
LaTeX Font Info:    Overwriting symbol font `operators' in version `normal'
(Font)                  OT1/cmr/m/n --> OT1/lmr/m/n on input line 22.
LaTeX Font Info:    Overwriting symbol font `letters' in version `normal'
(Font)                  OML/cmm/m/it --> OML/lmm/m/it on input line 23.
LaTeX Font Info:    Overwriting symbol font `symbols' in version `normal'
(Font)                  OMS/cmsy/m/n --> OMS/lmsy/m/n on input line 24.
LaTeX Font Info:    Overwriting symbol font `largesymbols' in version `normal'
(Font)                  OMX/cmex/m/n --> OMX/lmex/m/n on input line 25.
LaTeX Font Info:    Overwriting symbol font `operators' in version `bold'
(Font)                  OT1/cmr/bx/n --> OT1/lmr/bx/n on input line 26.
LaTeX Font Info:    Overwriting symbol font `letters' in version `bold'
(Font)                  OML/cmm/b/it --> OML/lmm/b/it on input line 27.
LaTeX Font Info:    Overwriting symbol font `symbols' in version `bold'
(Font)                  OMS/cmsy/b/n --> OMS/lmsy/b/n on input line 28.
LaTeX Font Info:    Overwriting symbol font `largesymbols' in version `bold'
(Font)                  OMX/cmex/m/n --> OMX/lmex/m/n on input line 29.
LaTeX Font Info:    Overwriting math alphabet `\mathbf' in version `normal'
(Font)                  OT1/cmr/bx/n --> OT1/lmr/bx/n on input line 31.
LaTeX Font Info:    Overwriting math alphabet `\mathsf' in version `normal'
(Font)                  OT1/cmss/m/n --> OT1/lmss/m/n on input line 32.
LaTeX Font Info:    Overwriting math alphabet `\mathit' in version `normal'
(Font)                  OT1/cmr/m/it --> OT1/lmr/m/it on input line 33.
LaTeX Font Info:    Overwriting math alphabet `\mathtt' in version `normal'
(Font)                  OT1/cmtt/m/n --> OT1/lmtt/m/n on input line 34.
LaTeX Font Info:    Overwriting math alphabet `\mathbf' in version `bold'
(Font)                  OT1/cmr/bx/n --> OT1/lmr/bx/n on input line 35.
LaTeX Font Info:    Overwriting math alphabet `\mathsf' in version `bold'
(Font)                  OT1/cmss/bx/n --> OT1/lmss/bx/n on input line 36.
LaTeX Font Info:    Overwriting math alphabet `\mathit' in version `bold'
(Font)                  OT1/cmr/bx/it --> OT1/lmr/bx/it on input line 37.
LaTeX Font Info:    Overwriting math alphabet `\mathtt' in version `bold'
(Font)                  OT1/cmtt/m/n --> OT1/lmtt/m/n on input line 38.
) ("C:\Program Files (x86)\MiKTeX 2.9\tex\latex\amsfonts\amssymb.sty"
Package: amssymb 2013/01/14 v3.01 AMS font symbols
("C:\Program Files (x86)\MiKTeX 2.9\tex\latex\amsfonts\amsfonts.sty"
Package: amsfonts 2013/01/14 v3.01 Basic AMSFonts support
\@emptytoks=\toks14
\symAMSa=\mathgroup4
\symAMSb=\mathgroup5
LaTeX Font Info:    Overwriting math alphabet `\mathfrak' in version `bold'
(Font)                  U/euf/m/n --> U/euf/b/n on input line 106.
)) ("C:\Program Files (x86)\MiKTeX 2.9\tex\latex\amsmath\amsmath.sty"
Package: amsmath 2013/01/14 v2.14 AMS math features
\@mathmargin=\skip43
For additional information on amsmath, use the `?' option.
("C:\Program Files (x86)\MiKTeX 2.9\tex\latex\amsmath\amstext.sty"
Package: amstext 2000/06/29 v2.01
("C:\Program Files (x86)\MiKTeX 2.9\tex\latex\amsmath\amsgen.sty"
File: amsgen.sty 1999/11/30 v2.0
\@emptytoks=\toks15
\ex@=\dimen103
)) ("C:\Program Files (x86)\MiKTeX 2.9\tex\latex\amsmath\amsbsy.sty"
Package: amsbsy 1999/11/29 v1.2d
\pmbraise@=\dimen104
) ("C:\Program Files (x86)\MiKTeX 2.9\tex\latex\amsmath\amsopn.sty"
Package: amsopn 1999/12/14 v2.01 operator names
)
\inf@bad=\count88
LaTeX Info: Redefining \frac on input line 210.
\uproot@=\count89
\leftroot@=\count90
LaTeX Info: Redefining \overline on input line 306.
\classnum@=\count91
\DOTSCASE@=\count92
LaTeX Info: Redefining \ldots on input line 378.
LaTeX Info: Redefining \dots on input line 381.
LaTeX Info: Redefining \cdots on input line 466.
\Mathstrutbox@=\box26
\strutbox@=\box27
\big@size=\dimen105
LaTeX Font Info:    Redeclaring font encoding OML on input line 566.
LaTeX Font Info:    Redeclaring font encoding OMS on input line 567.
\macc@depth=\count93
\c@MaxMatrixCols=\count94
\dotsspace@=\muskip10
\c@parentequation=\count95
\dspbrk@lvl=\count96
\tag@help=\toks16
\row@=\count97
\column@=\count98
\maxfields@=\count99
\andhelp@=\toks17
\eqnshift@=\dimen106
\alignsep@=\dimen107
\tagshift@=\dimen108
\tagwidth@=\dimen109
\totwidth@=\dimen110
\lineht@=\dimen111
\@envbody=\toks18
\multlinegap=\skip44
\multlinetaggap=\skip45
\mathdisplay@stack=\toks19
LaTeX Info: Redefining \[ on input line 2665.
LaTeX Info: Redefining \] on input line 2666.
) ("C:\Program Files (x86)\MiKTeX 2.9\tex\generic\ifxetex\ifxetex.sty"
Package: ifxetex 2010/09/12 v0.6 Provides ifxetex conditional
) ("C:\Program Files (x86)\MiKTeX 2.9\tex\generic\oberdiek\ifluatex.sty"
Package: ifluatex 2010/03/01 v1.3 Provides the ifluatex switch (HO)
Package ifluatex Info: LuaTeX not detected.
) ("C:\Program Files (x86)\MiKTeX 2.9\tex\latex\base\fixltx2e.sty"
Package: fixltx2e 2014/09/29 v1.1s fixes to LaTeX
LaTeX Info: Redefining \em on input line 430.
LaTeX Info: The control sequence `\[' is already robust on input line 481.
LaTeX Info: The control sequence `\]' is already robust on input line 482.
) ("C:\Program Files (x86)\MiKTeX 2.9\tex\latex\base\fontenc.sty"
Package: fontenc 2005/09/27 v1.99g Standard LaTeX package
("C:\Program Files (x86)\MiKTeX 2.9\tex\latex\base\t1enc.def"
File: t1enc.def 2005/09/27 v1.99g Standard LaTeX file
LaTeX Font Info:    Redeclaring font encoding T1 on input line 43.
)) ("C:\Program Files (x86)\MiKTeX 2.9\tex\latex\base\inputenc.sty"
Package: inputenc 2014/04/30 v1.2b Input encoding file
\inpenc@prehook=\toks20
\inpenc@posthook=\toks21
("C:\Program Files (x86)\MiKTeX 2.9\tex\latex\base\utf8.def"
File: utf8.def 2014/09/29 v1.1m UTF-8 support for inputenc
Now handling font encoding OML ...
... no UTF-8 mapping file for font encoding OML
Now handling font encoding T1 ...
... processing UTF-8 mapping file for font encoding T1
("C:\Program Files (x86)\MiKTeX 2.9\tex\latex\base\t1enc.dfu"
File: t1enc.dfu 2014/09/29 v1.1m UTF-8 support for inputenc
   defining Unicode char U+00A1 (decimal 161)
   defining Unicode char U+00A3 (decimal 163)
   defining Unicode char U+00AB (decimal 171)
   defining Unicode char U+00BB (decimal 187)
   defining Unicode char U+00BF (decimal 191)
   defining Unicode char U+00C0 (decimal 192)
   defining Unicode char U+00C1 (decimal 193)
   defining Unicode char U+00C2 (decimal 194)
   defining Unicode char U+00C3 (decimal 195)
   defining Unicode char U+00C4 (decimal 196)
   defining Unicode char U+00C5 (decimal 197)
   defining Unicode char U+00C6 (decimal 198)
   defining Unicode char U+00C7 (decimal 199)
   defining Unicode char U+00C8 (decimal 200)
   defining Unicode char U+00C9 (decimal 201)
   defining Unicode char U+00CA (decimal 202)
   defining Unicode char U+00CB (decimal 203)
   defining Unicode char U+00CC (decimal 204)
   defining Unicode char U+00CD (decimal 205)
   defining Unicode char U+00CE (decimal 206)
   defining Unicode char U+00CF (decimal 207)
   defining Unicode char U+00D0 (decimal 208)
   defining Unicode char U+00D1 (decimal 209)
   defining Unicode char U+00D2 (decimal 210)
   defining Unicode char U+00D3 (decimal 211)
   defining Unicode char U+00D4 (decimal 212)
   defining Unicode char U+00D5 (decimal 213)
   defining Unicode char U+00D6 (decimal 214)
   defining Unicode char U+00D8 (decimal 216)
   defining Unicode char U+00D9 (decimal 217)
   defining Unicode char U+00DA (decimal 218)
   defining Unicode char U+00DB (decimal 219)
   defining Unicode char U+00DC (decimal 220)
   defining Unicode char U+00DD (decimal 221)
   defining Unicode char U+00DE (decimal 222)
   defining Unicode char U+00DF (decimal 223)
   defining Unicode char U+00E0 (decimal 224)
   defining Unicode char U+00E1 (decimal 225)
   defining Unicode char U+00E2 (decimal 226)
   defining Unicode char U+00E3 (decimal 227)
   defining Unicode char U+00E4 (decimal 228)
   defining Unicode char U+00E5 (decimal 229)
   defining Unicode char U+00E6 (decimal 230)
   defining Unicode char U+00E7 (decimal 231)
   defining Unicode char U+00E8 (decimal 232)
   defining Unicode char U+00E9 (decimal 233)
   defining Unicode char U+00EA (decimal 234)
   defining Unicode char U+00EB (decimal 235)
   defining Unicode char U+00EC (decimal 236)
   defining Unicode char U+00ED (decimal 237)
   defining Unicode char U+00EE (decimal 238)
   defining Unicode char U+00EF (decimal 239)
   defining Unicode char U+00F0 (decimal 240)
   defining Unicode char U+00F1 (decimal 241)
   defining Unicode char U+00F2 (decimal 242)
   defining Unicode char U+00F3 (decimal 243)
   defining Unicode char U+00F4 (decimal 244)
   defining Unicode char U+00F5 (decimal 245)
   defining Unicode char U+00F6 (decimal 246)
   defining Unicode char U+00F8 (decimal 248)
   defining Unicode char U+00F9 (decimal 249)
   defining Unicode char U+00FA (decimal 250)
   defining Unicode char U+00FB (decimal 251)
   defining Unicode char U+00FC (decimal 252)
   defining Unicode char U+00FD (decimal 253)
   defining Unicode char U+00FE (decimal 254)
   defining Unicode char U+00FF (decimal 255)
   defining Unicode char U+0102 (decimal 258)
   defining Unicode char U+0103 (decimal 259)
   defining Unicode char U+0104 (decimal 260)
   defining Unicode char U+0105 (decimal 261)
   defining Unicode char U+0106 (decimal 262)
   defining Unicode char U+0107 (decimal 263)
   defining Unicode char U+010C (decimal 268)
   defining Unicode char U+010D (decimal 269)
   defining Unicode char U+010E (decimal 270)
   defining Unicode char U+010F (decimal 271)
   defining Unicode char U+0110 (decimal 272)
   defining Unicode char U+0111 (decimal 273)
   defining Unicode char U+0118 (decimal 280)
   defining Unicode char U+0119 (decimal 281)
   defining Unicode char U+011A (decimal 282)
   defining Unicode char U+011B (decimal 283)
   defining Unicode char U+011E (decimal 286)
   defining Unicode char U+011F (decimal 287)
   defining Unicode char U+0130 (decimal 304)
   defining Unicode char U+0131 (decimal 305)
   defining Unicode char U+0132 (decimal 306)
   defining Unicode char U+0133 (decimal 307)
   defining Unicode char U+0139 (decimal 313)
   defining Unicode char U+013A (decimal 314)
   defining Unicode char U+013D (decimal 317)
   defining Unicode char U+013E (decimal 318)
   defining Unicode char U+0141 (decimal 321)
   defining Unicode char U+0142 (decimal 322)
   defining Unicode char U+0143 (decimal 323)
   defining Unicode char U+0144 (decimal 324)
   defining Unicode char U+0147 (decimal 327)
   defining Unicode char U+0148 (decimal 328)
   defining Unicode char U+014A (decimal 330)
   defining Unicode char U+014B (decimal 331)
   defining Unicode char U+0150 (decimal 336)
   defining Unicode char U+0151 (decimal 337)
   defining Unicode char U+0152 (decimal 338)
   defining Unicode char U+0153 (decimal 339)
   defining Unicode char U+0154 (decimal 340)
   defining Unicode char U+0155 (decimal 341)
   defining Unicode char U+0158 (decimal 344)
   defining Unicode char U+0159 (decimal 345)
   defining Unicode char U+015A (decimal 346)
   defining Unicode char U+015B (decimal 347)
   defining Unicode char U+015E (decimal 350)
   defining Unicode char U+015F (decimal 351)
   defining Unicode char U+0160 (decimal 352)
   defining Unicode char U+0161 (decimal 353)
   defining Unicode char U+0162 (decimal 354)
   defining Unicode char U+0163 (decimal 355)
   defining Unicode char U+0164 (decimal 356)
   defining Unicode char U+0165 (decimal 357)
   defining Unicode char U+016E (decimal 366)
   defining Unicode char U+016F (decimal 367)
   defining Unicode char U+0170 (decimal 368)
   defining Unicode char U+0171 (decimal 369)
   defining Unicode char U+0178 (decimal 376)
   defining Unicode char U+0179 (decimal 377)
   defining Unicode char U+017A (decimal 378)
   defining Unicode char U+017B (decimal 379)
   defining Unicode char U+017C (decimal 380)
   defining Unicode char U+017D (decimal 381)
   defining Unicode char U+017E (decimal 382)
   defining Unicode char U+200C (decimal 8204)
   defining Unicode char U+2013 (decimal 8211)
   defining Unicode char U+2014 (decimal 8212)
   defining Unicode char U+2018 (decimal 8216)
   defining Unicode char U+2019 (decimal 8217)
   defining Unicode char U+201A (decimal 8218)
   defining Unicode char U+201C (decimal 8220)
   defining Unicode char U+201D (decimal 8221)
   defining Unicode char U+201E (decimal 8222)
   defining Unicode char U+2030 (decimal 8240)
   defining Unicode char U+2031 (decimal 8241)
   defining Unicode char U+2039 (decimal 8249)
   defining Unicode char U+203A (decimal 8250)
   defining Unicode char U+2423 (decimal 9251)
)
Now handling font encoding OT1 ...
... processing UTF-8 mapping file for font encoding OT1
("C:\Program Files (x86)\MiKTeX 2.9\tex\latex\base\ot1enc.dfu"
File: ot1enc.dfu 2014/09/29 v1.1m UTF-8 support for inputenc
   defining Unicode char U+00A1 (decimal 161)
   defining Unicode char U+00A3 (decimal 163)
   defining Unicode char U+00B8 (decimal 184)
   defining Unicode char U+00BF (decimal 191)
   defining Unicode char U+00C5 (decimal 197)
   defining Unicode char U+00C6 (decimal 198)
   defining Unicode char U+00D8 (decimal 216)
   defining Unicode char U+00DF (decimal 223)
   defining Unicode char U+00E6 (decimal 230)
   defining Unicode char U+00EC (decimal 236)
   defining Unicode char U+00ED (decimal 237)
   defining Unicode char U+00EE (decimal 238)
   defining Unicode char U+00EF (decimal 239)
   defining Unicode char U+00F8 (decimal 248)
   defining Unicode char U+0131 (decimal 305)
   defining Unicode char U+0141 (decimal 321)
   defining Unicode char U+0142 (decimal 322)
   defining Unicode char U+0152 (decimal 338)
   defining Unicode char U+0153 (decimal 339)
   defining Unicode char U+2013 (decimal 8211)
   defining Unicode char U+2014 (decimal 8212)
   defining Unicode char U+2018 (decimal 8216)
   defining Unicode char U+2019 (decimal 8217)
   defining Unicode char U+201C (decimal 8220)
   defining Unicode char U+201D (decimal 8221)
)
Now handling font encoding OMS ...
... processing UTF-8 mapping file for font encoding OMS
("C:\Program Files (x86)\MiKTeX 2.9\tex\latex\base\omsenc.dfu"
File: omsenc.dfu 2014/09/29 v1.1m UTF-8 support for inputenc
   defining Unicode char U+00A7 (decimal 167)
   defining Unicode char U+00B6 (decimal 182)
   defining Unicode char U+00B7 (decimal 183)
   defining Unicode char U+2020 (decimal 8224)
   defining Unicode char U+2021 (decimal 8225)
   defining Unicode char U+2022 (decimal 8226)
)
Now handling font encoding OMX ...
... no UTF-8 mapping file for font encoding OMX
Now handling font encoding U ...
... no UTF-8 mapping file for font encoding U
   defining Unicode char U+00A9 (decimal 169)
   defining Unicode char U+00AA (decimal 170)
   defining Unicode char U+00AE (decimal 174)
   defining Unicode char U+00BA (decimal 186)
   defining Unicode char U+02C6 (decimal 710)
   defining Unicode char U+02DC (decimal 732)
   defining Unicode char U+200C (decimal 8204)
   defining Unicode char U+2026 (decimal 8230)
   defining Unicode char U+2122 (decimal 8482)
   defining Unicode char U+2423 (decimal 9251)
)) ("C:\Program Files (x86)\MiKTeX 2.9\tex\latex\upquote\upquote.sty"
Package: upquote 2012/04/19 v1.3 upright-quote and grave-accent glyphs in verba
tim
("C:\Program Files (x86)\MiKTeX 2.9\tex\latex\base\textcomp.sty"
Package: textcomp 2005/09/27 v1.99g Standard LaTeX package
Package textcomp Info: Sub-encoding information:
(textcomp)               5 = only ISO-Adobe without \textcurrency
(textcomp)               4 = 5 + \texteuro
(textcomp)               3 = 4 + \textohm
(textcomp)               2 = 3 + \textestimated + \textcurrency
(textcomp)               1 = TS1 - \textcircled - \t
(textcomp)               0 = TS1 (full)
(textcomp)             Font families with sub-encoding setting implement
(textcomp)             only a restricted character set as indicated.
(textcomp)             Family '?' is the default used for unknown fonts.
(textcomp)             See the documentation for details.
Package textcomp Info: Setting ? sub-encoding to TS1/1 on input line 71.
("C:\Program Files (x86)\MiKTeX 2.9\tex\latex\base\ts1enc.def"
File: ts1enc.def 2001/06/05 v3.0e (jk/car/fm) Standard LaTeX file
Now handling font encoding TS1 ...
... processing UTF-8 mapping file for font encoding TS1
("C:\Program Files (x86)\MiKTeX 2.9\tex\latex\base\ts1enc.dfu"
File: ts1enc.dfu 2014/09/29 v1.1m UTF-8 support for inputenc
   defining Unicode char U+00A2 (decimal 162)
   defining Unicode char U+00A3 (decimal 163)
   defining Unicode char U+00A4 (decimal 164)
   defining Unicode char U+00A5 (decimal 165)
   defining Unicode char U+00A6 (decimal 166)
   defining Unicode char U+00A7 (decimal 167)
   defining Unicode char U+00A8 (decimal 168)
   defining Unicode char U+00A9 (decimal 169)
   defining Unicode char U+00AA (decimal 170)
   defining Unicode char U+00AC (decimal 172)
   defining Unicode char U+00AE (decimal 174)
   defining Unicode char U+00AF (decimal 175)
   defining Unicode char U+00B0 (decimal 176)
   defining Unicode char U+00B1 (decimal 177)
   defining Unicode char U+00B2 (decimal 178)
   defining Unicode char U+00B3 (decimal 179)
   defining Unicode char U+00B4 (decimal 180)
   defining Unicode char U+00B5 (decimal 181)
   defining Unicode char U+00B6 (decimal 182)
   defining Unicode char U+00B7 (decimal 183)
   defining Unicode char U+00B9 (decimal 185)
   defining Unicode char U+00BA (decimal 186)
   defining Unicode char U+00BC (decimal 188)
   defining Unicode char U+00BD (decimal 189)
   defining Unicode char U+00BE (decimal 190)
   defining Unicode char U+00D7 (decimal 215)
   defining Unicode char U+00F7 (decimal 247)
   defining Unicode char U+0192 (decimal 402)
   defining Unicode char U+02C7 (decimal 711)
   defining Unicode char U+02D8 (decimal 728)
   defining Unicode char U+02DD (decimal 733)
   defining Unicode char U+0E3F (decimal 3647)
   defining Unicode char U+2016 (decimal 8214)
   defining Unicode char U+2020 (decimal 8224)
   defining Unicode char U+2021 (decimal 8225)
   defining Unicode char U+2022 (decimal 8226)
   defining Unicode char U+2030 (decimal 8240)
   defining Unicode char U+2031 (decimal 8241)
   defining Unicode char U+203B (decimal 8251)
   defining Unicode char U+203D (decimal 8253)
   defining Unicode char U+2044 (decimal 8260)
   defining Unicode char U+204E (decimal 8270)
   defining Unicode char U+2052 (decimal 8274)
   defining Unicode char U+20A1 (decimal 8353)
   defining Unicode char U+20A4 (decimal 8356)
   defining Unicode char U+20A6 (decimal 8358)
   defining Unicode char U+20A9 (decimal 8361)
   defining Unicode char U+20AB (decimal 8363)
   defining Unicode char U+20AC (decimal 8364)
   defining Unicode char U+20B1 (decimal 8369)
   defining Unicode char U+2103 (decimal 8451)
   defining Unicode char U+2116 (decimal 8470)
   defining Unicode char U+2117 (decimal 8471)
   defining Unicode char U+211E (decimal 8478)
   defining Unicode char U+2120 (decimal 8480)
   defining Unicode char U+2122 (decimal 8482)
   defining Unicode char U+2126 (decimal 8486)
   defining Unicode char U+2127 (decimal 8487)
   defining Unicode char U+212E (decimal 8494)
   defining Unicode char U+2190 (decimal 8592)
   defining Unicode char U+2191 (decimal 8593)
   defining Unicode char U+2192 (decimal 8594)
   defining Unicode char U+2193 (decimal 8595)
   defining Unicode char U+2329 (decimal 9001)
   defining Unicode char U+232A (decimal 9002)
   defining Unicode char U+2422 (decimal 9250)
   defining Unicode char U+25E6 (decimal 9702)
   defining Unicode char U+25EF (decimal 9711)
   defining Unicode char U+266A (decimal 9834)
))
LaTeX Info: Redefining \oldstylenums on input line 266.
Package textcomp Info: Setting cmr sub-encoding to TS1/0 on input line 281.
Package textcomp Info: Setting cmss sub-encoding to TS1/0 on input line 282.
Package textcomp Info: Setting cmtt sub-encoding to TS1/0 on input line 283.
Package textcomp Info: Setting cmvtt sub-encoding to TS1/0 on input line 284.
Package textcomp Info: Setting cmbr sub-encoding to TS1/0 on input line 285.
Package textcomp Info: Setting cmtl sub-encoding to TS1/0 on input line 286.
Package textcomp Info: Setting ccr sub-encoding to TS1/0 on input line 287.
Package textcomp Info: Setting ptm sub-encoding to TS1/4 on input line 288.
Package textcomp Info: Setting pcr sub-encoding to TS1/4 on input line 289.
Package textcomp Info: Setting phv sub-encoding to TS1/4 on input line 290.
Package textcomp Info: Setting ppl sub-encoding to TS1/3 on input line 291.
Package textcomp Info: Setting pag sub-encoding to TS1/4 on input line 292.
Package textcomp Info: Setting pbk sub-encoding to TS1/4 on input line 293.
Package textcomp Info: Setting pnc sub-encoding to TS1/4 on input line 294.
Package textcomp Info: Setting pzc sub-encoding to TS1/4 on input line 295.
Package textcomp Info: Setting bch sub-encoding to TS1/4 on input line 296.
Package textcomp Info: Setting put sub-encoding to TS1/5 on input line 297.
Package textcomp Info: Setting uag sub-encoding to TS1/5 on input line 298.
Package textcomp Info: Setting ugq sub-encoding to TS1/5 on input line 299.
Package textcomp Info: Setting ul8 sub-encoding to TS1/4 on input line 300.
Package textcomp Info: Setting ul9 sub-encoding to TS1/4 on input line 301.
Package textcomp Info: Setting augie sub-encoding to TS1/5 on input line 302.
Package textcomp Info: Setting dayrom sub-encoding to TS1/3 on input line 303.
Package textcomp Info: Setting dayroms sub-encoding to TS1/3 on input line 304.

Package textcomp Info: Setting pxr sub-encoding to TS1/0 on input line 305.
Package textcomp Info: Setting pxss sub-encoding to TS1/0 on input line 306.
Package textcomp Info: Setting pxtt sub-encoding to TS1/0 on input line 307.
Package textcomp Info: Setting txr sub-encoding to TS1/0 on input line 308.
Package textcomp Info: Setting txss sub-encoding to TS1/0 on input line 309.
Package textcomp Info: Setting txtt sub-encoding to TS1/0 on input line 310.
Package textcomp Info: Setting lmr sub-encoding to TS1/0 on input line 311.
Package textcomp Info: Setting lmdh sub-encoding to TS1/0 on input line 312.
Package textcomp Info: Setting lmss sub-encoding to TS1/0 on input line 313.
Package textcomp Info: Setting lmssq sub-encoding to TS1/0 on input line 314.
Package textcomp Info: Setting lmvtt sub-encoding to TS1/0 on input line 315.
Package textcomp Info: Setting qhv sub-encoding to TS1/0 on input line 316.
Package textcomp Info: Setting qag sub-encoding to TS1/0 on input line 317.
Package textcomp Info: Setting qbk sub-encoding to TS1/0 on input line 318.
Package textcomp Info: Setting qcr sub-encoding to TS1/0 on input line 319.
Package textcomp Info: Setting qcs sub-encoding to TS1/0 on input line 320.
Package textcomp Info: Setting qpl sub-encoding to TS1/0 on input line 321.
Package textcomp Info: Setting qtm sub-encoding to TS1/0 on input line 322.
Package textcomp Info: Setting qzc sub-encoding to TS1/0 on input line 323.
Package textcomp Info: Setting qhvc sub-encoding to TS1/0 on input line 324.
Package textcomp Info: Setting futs sub-encoding to TS1/4 on input line 325.
Package textcomp Info: Setting futx sub-encoding to TS1/4 on input line 326.
Package textcomp Info: Setting futj sub-encoding to TS1/4 on input line 327.
Package textcomp Info: Setting hlh sub-encoding to TS1/3 on input line 328.
Package textcomp Info: Setting hls sub-encoding to TS1/3 on input line 329.
Package textcomp Info: Setting hlst sub-encoding to TS1/3 on input line 330.
Package textcomp Info: Setting hlct sub-encoding to TS1/5 on input line 331.
Package textcomp Info: Setting hlx sub-encoding to TS1/5 on input line 332.
Package textcomp Info: Setting hlce sub-encoding to TS1/5 on input line 333.
Package textcomp Info: Setting hlcn sub-encoding to TS1/5 on input line 334.
Package textcomp Info: Setting hlcw sub-encoding to TS1/5 on input line 335.
Package textcomp Info: Setting hlcf sub-encoding to TS1/5 on input line 336.
Package textcomp Info: Setting pplx sub-encoding to TS1/3 on input line 337.
Package textcomp Info: Setting pplj sub-encoding to TS1/3 on input line 338.
Package textcomp Info: Setting ptmx sub-encoding to TS1/4 on input line 339.
Package textcomp Info: Setting ptmj sub-encoding to TS1/4 on input line 340.
)) ("C:\Program Files (x86)\MiKTeX 2.9\tex\latex\microtype\microtype.sty"
Package: microtype 2013/05/23 v2.5a Micro-typographical refinements (RS)
("C:\Program Files (x86)\MiKTeX 2.9\tex\latex\graphics\keyval.sty"
Package: keyval 2014/05/08 v1.15 key=value parser (DPC)
\KV@toks@=\toks22
)
\MT@toks=\toks23
\MT@count=\count100
LaTeX Info: Redefining \textls on input line 766.
\MT@outer@kern=\dimen112
LaTeX Info: Redefining \textmicrotypecontext on input line 1285.
\MT@listname@count=\count101
("C:\Program Files (x86)\MiKTeX 2.9\tex\latex\microtype\microtype-pdftex.def"
File: microtype-pdftex.def 2013/05/23 v2.5a Definitions specific to pdftex (RS)

LaTeX Info: Redefining \lsstyle on input line 915.
LaTeX Info: Redefining \lslig on input line 915.
\MT@outer@space=\skip46
)
Package microtype Info: Loading configuration file microtype.cfg.
("C:\Program Files (x86)\MiKTeX 2.9\tex\latex\microtype\microtype.cfg"
File: microtype.cfg 2013/05/23 v2.5a microtype main configuration file (RS)
)) ("C:\Program Files (x86)\MiKTeX 2.9\tex\latex\geometry\geometry.sty"
Package: geometry 2010/09/12 v5.6 Page Geometry
("C:\Program Files (x86)\MiKTeX 2.9\tex\generic\oberdiek\ifpdf.sty"
Package: ifpdf 2011/01/30 v2.3 Provides the ifpdf switch (HO)
Package ifpdf Info: pdfTeX in PDF mode is detected.
) ("C:\Program Files (x86)\MiKTeX 2.9\tex\generic\oberdiek\ifvtex.sty"
Package: ifvtex 2010/03/01 v1.5 Detect VTeX and its facilities (HO)
Package ifvtex Info: VTeX not detected.
)
\Gm@cnth=\count102
\Gm@cntv=\count103
\c@Gm@tempcnt=\count104
\Gm@bindingoffset=\dimen113
\Gm@wd@mp=\dimen114
\Gm@odd@mp=\dimen115
\Gm@even@mp=\dimen116
\Gm@layoutwidth=\dimen117
\Gm@layoutheight=\dimen118
\Gm@layouthoffset=\dimen119
\Gm@layoutvoffset=\dimen120
\Gm@dimlist=\toks24
("C:\Program Files (x86)\MiKTeX 2.9\tex\latex\geometry\geometry.cfg")) ("C:\Pro
gram Files (x86)\MiKTeX 2.9\tex\latex\hyperref\hyperref.sty"
Package: hyperref 2012/11/06 v6.83m Hypertext links for LaTeX
("C:\Program Files (x86)\MiKTeX 2.9\tex\generic\oberdiek\hobsub-hyperref.sty"
Package: hobsub-hyperref 2012/04/25 v1.12 Bundle oberdiek, subset hyperref (HO)

("C:\Program Files (x86)\MiKTeX 2.9\tex\generic\oberdiek\hobsub-generic.sty"
Package: hobsub-generic 2012/04/25 v1.12 Bundle oberdiek, subset generic (HO)
Package: hobsub 2012/04/25 v1.12 Construct package bundles (HO)
Package: infwarerr 2010/04/08 v1.3 Providing info/warning/error messages (HO)
Package: ltxcmds 2011/11/09 v1.22 LaTeX kernel commands for general use (HO)
Package hobsub Info: Skipping package `ifluatex' (already loaded).
Package hobsub Info: Skipping package `ifvtex' (already loaded).
Package: intcalc 2007/09/27 v1.1 Expandable calculations with integers (HO)
Package hobsub Info: Skipping package `ifpdf' (already loaded).
Package: etexcmds 2011/02/16 v1.5 Avoid name clashes with e-TeX commands (HO)
Package etexcmds Info: Could not find \expanded.
(etexcmds)             That can mean that you are not using pdfTeX 1.50 or
(etexcmds)             that some package has redefined \expanded.
(etexcmds)             In the latter case, load this package earlier.
Package: kvsetkeys 2012/04/25 v1.16 Key value parser (HO)
Package: kvdefinekeys 2011/04/07 v1.3 Define keys (HO)
Package: pdftexcmds 2011/11/29 v0.20 Utility functions of pdfTeX for LuaTeX (HO
)
Package pdftexcmds Info: LuaTeX not detected.
Package pdftexcmds Info: \pdf@primitive is available.
Package pdftexcmds Info: \pdf@ifprimitive is available.
Package pdftexcmds Info: \pdfdraftmode found.
Package: pdfescape 2011/11/25 v1.13 Implements pdfTeX's escape features (HO)
Package: bigintcalc 2012/04/08 v1.3 Expandable calculations on big integers (HO
)
Package: bitset 2011/01/30 v1.1 Handle bit-vector datatype (HO)
Package: uniquecounter 2011/01/30 v1.2 Provide unlimited unique counter (HO)
)
Package hobsub Info: Skipping package `hobsub' (already loaded).
Package: letltxmacro 2010/09/02 v1.4 Let assignment for LaTeX macros (HO)
Package: hopatch 2011/06/24 v1.1 Wrapper for package hooks (HO)
Package: xcolor-patch 2011/01/30 xcolor patch
Package: atveryend 2011/06/30 v1.8 Hooks at the very end of document (HO)
Package atveryend Info: \enddocument detected (standard20110627).
Package: atbegshi 2011/10/05 v1.16 At begin shipout hook (HO)
Package: refcount 2011/10/16 v3.4 Data extraction from label references (HO)
Package: hycolor 2011/01/30 v1.7 Color options for hyperref/bookmark (HO)
) ("C:\Program Files (x86)\MiKTeX 2.9\tex\latex\oberdiek\auxhook.sty"
Package: auxhook 2011/03/04 v1.3 Hooks for auxiliary files (HO)
) ("C:\Program Files (x86)\MiKTeX 2.9\tex\latex\oberdiek\kvoptions.sty"
Package: kvoptions 2011/06/30 v3.11 Key value format for package options (HO)
)
\@linkdim=\dimen121
\Hy@linkcounter=\count105
\Hy@pagecounter=\count106
("C:\Program Files (x86)\MiKTeX 2.9\tex\latex\hyperref\pd1enc.def"
File: pd1enc.def 2012/11/06 v6.83m Hyperref: PDFDocEncoding definition (HO)
Now handling font encoding PD1 ...
... no UTF-8 mapping file for font encoding PD1
)
\Hy@SavedSpaceFactor=\count107
("C:\Program Files (x86)\MiKTeX 2.9\tex\latex\00miktex\hyperref.cfg"
File: hyperref.cfg 2002/06/06 v1.2 hyperref configuration of TeXLive
)
Package hyperref Info: Hyper figures OFF on input line 4443.
Package hyperref Info: Link nesting OFF on input line 4448.
Package hyperref Info: Hyper index ON on input line 4451.
Package hyperref Info: Plain pages OFF on input line 4458.
Package hyperref Info: Backreferencing OFF on input line 4463.
Package hyperref Info: Implicit mode ON; LaTeX internals redefined.
Package hyperref Info: Bookmarks ON on input line 4688.
\c@Hy@tempcnt=\count108
("C:\Program Files (x86)\MiKTeX 2.9\tex\latex\url\url.sty"
\Urlmuskip=\muskip11
Package: url 2013/09/16  ver 3.4  Verb mode for urls, etc.
)
LaTeX Info: Redefining \url on input line 5041.
\XeTeXLinkMargin=\dimen122
\Fld@menulength=\count109
\Field@Width=\dimen123
\Fld@charsize=\dimen124
Package hyperref Info: Hyper figures OFF on input line 6295.
Package hyperref Info: Link nesting OFF on input line 6300.
Package hyperref Info: Hyper index ON on input line 6303.
Package hyperref Info: backreferencing OFF on input line 6310.
Package hyperref Info: Link coloring OFF on input line 6315.
Package hyperref Info: Link coloring with OCG OFF on input line 6320.
Package hyperref Info: PDF/A mode OFF on input line 6325.
LaTeX Info: Redefining \ref on input line 6365.
LaTeX Info: Redefining \pageref on input line 6369.
\Hy@abspage=\count110
\c@Item=\count111
\c@Hfootnote=\count112
)

Package hyperref Message: Driver (autodetected): hpdftex.

("C:\Program Files (x86)\MiKTeX 2.9\tex\latex\hyperref\hpdftex.def"
File: hpdftex.def 2012/11/06 v6.83m Hyperref driver for pdfTeX
\Fld@listcount=\count113
\c@bookmark@seq@number=\count114
("C:\Program Files (x86)\MiKTeX 2.9\tex\latex\oberdiek\rerunfilecheck.sty"
Package: rerunfilecheck 2011/04/15 v1.7 Rerun checks for auxiliary files (HO)
Package uniquecounter Info: New unique counter `rerunfilecheck' on input line 2
82.
)
\Hy@SectionHShift=\skip47
)
Package hyperref Info: Option `unicode' set `true' on input line 30.
("C:\Program Files (x86)\MiKTeX 2.9\tex\latex\hyperref\puenc.def"
File: puenc.def 2012/11/06 v6.83m Hyperref: PDF Unicode definition (HO)
Now handling font encoding PU ...
... no UTF-8 mapping file for font encoding PU
)
Package hyperref Info: Option `breaklinks' set `true' on input line 30.
("C:\Program Files (x86)\MiKTeX 2.9\tex\latex\graphics\color.sty"
Package: color 2014/04/23 v1.1a Standard LaTeX Color (DPC)
("C:\Program Files (x86)\MiKTeX 2.9\tex\latex\00miktex\color.cfg"
File: color.cfg 2007/01/18 v1.5 color configuration of teTeX/TeXLive
)
Package color Info: Driver file: pdftex.def on input line 137.
("C:\Program Files (x86)\MiKTeX 2.9\tex\latex\pdftex-def\pdftex.def"
File: pdftex.def 2011/05/27 v0.06d Graphics/color for pdfTeX
\Gread@gobject=\count115
)) ("C:\Program Files (x86)\MiKTeX 2.9\tex\latex\fancyvrb\fancyvrb.sty"
Package: fancyvrb 2008/02/07

Style option: `fancyvrb' v2.7a, with DG/SPQR fixes, and firstline=lastline fix 
<2008/02/07> (tvz)
\FV@CodeLineNo=\count116
\FV@InFile=\read1
\FV@TabBox=\box28
\c@FancyVerbLine=\count117
\FV@StepNumber=\count118
\FV@OutFile=\write3
) ("C:\Program Files (x86)\MiKTeX 2.9\tex\latex\framed\framed.sty"
Package: framed 2011/10/22 v 0.96: framed or shaded text with page breaks
\OuterFrameSep=\skip48
\fb@frw=\dimen125
\fb@frh=\dimen126
\FrameRule=\dimen127
\FrameSep=\dimen128
) ("C:\Program Files (x86)\MiKTeX 2.9\tex\latex\tools\longtable.sty"
Package: longtable 2004/02/01 v4.11 Multi-page Table package (DPC)
\LTleft=\skip49
\LTright=\skip50
\LTpre=\skip51
\LTpost=\skip52
\LTchunksize=\count119
\LTcapwidth=\dimen129
\LT@head=\box29
\LT@firsthead=\box30
\LT@foot=\box31
\LT@lastfoot=\box32
\LT@cols=\count120
\LT@rows=\count121
\c@LT@tables=\count122
\c@LT@chunks=\count123
\LT@p@ftn=\toks25
) ("C:\Program Files (x86)\MiKTeX 2.9\tex\latex\booktabs\booktabs.sty"
Package: booktabs 2005/04/14 v1.61803 publication quality tables
\heavyrulewidth=\dimen130
\lightrulewidth=\dimen131
\cmidrulewidth=\dimen132
\belowrulesep=\dimen133
\belowbottomsep=\dimen134
\aboverulesep=\dimen135
\abovetopsep=\dimen136
\cmidrulesep=\dimen137
\cmidrulekern=\dimen138
\defaultaddspace=\dimen139
\@cmidla=\count124
\@cmidlb=\count125
\@aboverulesep=\dimen140
\@belowrulesep=\dimen141
\@thisruleclass=\count126
\@lastruleclass=\count127
\@thisrulewidth=\dimen142
) ("C:\Program Files (x86)\MiKTeX 2.9\tex\latex\graphics\graphicx.sty"
Package: graphicx 2014/04/25 v1.0g Enhanced LaTeX Graphics (DPC,SPQR)
("C:\Program Files (x86)\MiKTeX 2.9\tex\latex\graphics\graphics.sty"
Package: graphics 2009/02/05 v1.0o Standard LaTeX Graphics (DPC,SPQR)
("C:\Program Files (x86)\MiKTeX 2.9\tex\latex\graphics\trig.sty"
Package: trig 1999/03/16 v1.09 sin cos tan (DPC)
) ("C:\Program Files (x86)\MiKTeX 2.9\tex\latex\00miktex\graphics.cfg"
File: graphics.cfg 2007/01/18 v1.5 graphics configuration of teTeX/TeXLive
)
Package graphics Info: Driver file: pdftex.def on input line 91.
)
\Gin@req@height=\dimen143
\Gin@req@width=\dimen144
) ("C:\Program Files (x86)\MiKTeX 2.9\tex\latex\oberdiek\grffile.sty"
Package: grffile 2012/04/05 v1.16 Extended file name support for graphics (HO)
Package grffile Info: Option `multidot' is set to `true'.
Package grffile Info: Option `extendedchars' is set to `false'.
Package grffile Info: Option `space' is set to `true'.
Package grffile Info: \Gin@ii of package `graphicx' fixed on input line 486.
) ("C:\Program Files (x86)\MiKTeX 2.9\tex\latex\ltxmisc\parskip.sty"
Package: parskip 2001/04/09 non-zero parskip adjustments
) ("C:\Program Files (x86)\MiKTeX 2.9\tex\latex\titling\titling.sty"
Package: titling 2009/09/04 v2.1d maketitle typesetting
\thanksmarkwidth=\skip53
\thanksmargin=\skip54
\droptitle=\skip55
) ("C:\Program Files (x86)\MiKTeX 2.9\tex\latex\amscls\amsthm.sty"
Package: amsthm 2009/07/02 v2.20.1
\thm@style=\toks26
\thm@bodyfont=\toks27
\thm@headfont=\toks28
\thm@notefont=\toks29
\thm@headpunct=\toks30
\thm@preskip=\skip56
\thm@postskip=\skip57
\thm@headsep=\skip58
\dth@everypar=\toks31
)
\c@theorem=\count128
\c@lemma=\count129
\c@definition=\count130
\c@corollary=\count131
\c@proposition=\count132
\c@example=\count133
(C:\Users\Thomas\Dropbox\2017-431\431notes\431-notes.aux)
LaTeX Font Info:    Checking defaults for OML/cmm/m/it on input line 139.
LaTeX Font Info:    ... okay on input line 139.
LaTeX Font Info:    Checking defaults for T1/cmr/m/n on input line 139.
LaTeX Font Info:    ... okay on input line 139.
LaTeX Font Info:    Checking defaults for OT1/cmr/m/n on input line 139.
LaTeX Font Info:    ... okay on input line 139.
LaTeX Font Info:    Checking defaults for OMS/cmsy/m/n on input line 139.
LaTeX Font Info:    ... okay on input line 139.
LaTeX Font Info:    Checking defaults for OMX/cmex/m/n on input line 139.
LaTeX Font Info:    ... okay on input line 139.
LaTeX Font Info:    Checking defaults for U/cmr/m/n on input line 139.
LaTeX Font Info:    ... okay on input line 139.
LaTeX Font Info:    Checking defaults for TS1/cmr/m/n on input line 139.
LaTeX Font Info:    Try loading font information for TS1+cmr on input line 139.

("C:\Program Files (x86)\MiKTeX 2.9\tex\latex\base\ts1cmr.fd"
File: ts1cmr.fd 2014/09/29 v2.5h Standard LaTeX font definitions
)
LaTeX Font Info:    ... okay on input line 139.
LaTeX Font Info:    Checking defaults for PD1/pdf/m/n on input line 139.
LaTeX Font Info:    ... okay on input line 139.
LaTeX Font Info:    Checking defaults for PU/pdf/m/n on input line 139.
LaTeX Font Info:    ... okay on input line 139.
LaTeX Font Info:    Try loading font information for T1+lmr on input line 139.
("C:\Program Files (x86)\MiKTeX 2.9\tex\latex\lm\t1lmr.fd"
File: t1lmr.fd 2009/10/30 v1.6 Font defs for Latin Modern
)
LaTeX Info: Redefining \microtypecontext on input line 139.
Package microtype Info: Generating PDF output.
Package microtype Info: Character protrusion enabled (level 2).
Package microtype Info: Using protrusion set `basicmath'.
Package microtype Info: Automatic font expansion enabled (level 2),
(microtype)             stretch: 20, shrink: 20, step: 1, non-selected.
Package microtype Info: Using default expansion set `basictext'.
Package microtype Info: No adjustment of tracking.
Package microtype Info: No adjustment of interword spacing.
Package microtype Info: No adjustment of character kerning.
("C:\Program Files (x86)\MiKTeX 2.9\tex\latex\microtype\mt-cmr.cfg"
File: mt-cmr.cfg 2013/05/19 v2.2 microtype config. file: Computer Modern Roman 
(RS)
)
*geometry* driver: auto-detecting
*geometry* detected driver: pdftex
*geometry* verbose mode - [ preamble ] result:
* driver: pdftex
* paper: <default>
* layout: <same size as paper>
* layoutoffset:(h,v)=(0.0pt,0.0pt)
* modes: twoside 
* h-part:(L,W,R)=(72.26999pt, 469.75502pt, 72.26999pt)
* v-part:(T,H,B)=(72.26999pt, 650.43001pt, 72.26999pt)
* \paperwidth=614.295pt
* \paperheight=794.96999pt
* \textwidth=469.75502pt
* \textheight=650.43001pt
* \oddsidemargin=0.0pt
* \evensidemargin=0.0pt
* \topmargin=-30.06749pt
* \headheight=12.0pt
* \headsep=18.06749pt
* \topskip=10.0pt
* \footskip=25.29494pt
* \marginparwidth=125.0pt
* \marginparsep=7.0pt
* \columnsep=10.0pt
* \skip\footins=9.0pt plus 4.0pt minus 2.0pt
* \hoffset=0.0pt
* \voffset=0.0pt
* \mag=1000
* \@twocolumnfalse
* \@twosidetrue
* \@mparswitchtrue
* \@reversemarginfalse
* (1in=72.27pt=25.4mm, 1cm=28.453pt)

\AtBeginShipoutBox=\box33
Package hyperref Info: Link coloring OFF on input line 139.
("C:\Program Files (x86)\MiKTeX 2.9\tex\latex\hyperref\nameref.sty"
Package: nameref 2012/10/27 v2.43 Cross-referencing by name of section
("C:\Program Files (x86)\MiKTeX 2.9\tex\generic\oberdiek\gettitlestring.sty"
Package: gettitlestring 2010/12/03 v1.4 Cleanup title references (HO)
)
\c@section@level=\count134
)
LaTeX Info: Redefining \ref on input line 139.
LaTeX Info: Redefining \pageref on input line 139.
LaTeX Info: Redefining \nameref on input line 139.
(C:\Users\Thomas\Dropbox\2017-431\431notes\431-notes.out) (C:\Users\Thomas\Drop
box\2017-431\431notes\431-notes.out)
\@outlinefile=\write4
("C:\Program Files (x86)\MiKTeX 2.9\tex\context\base\supp-pdf.mkii"
[Loading MPS to PDF converter (version 2006.09.02).]
\scratchcounter=\count135
\scratchdimen=\dimen145
\scratchbox=\box34
\nofMPsegments=\count136
\nofMParguments=\count137
\everyMPshowfont=\toks32
\MPscratchCnt=\count138
\MPscratchDim=\dimen146
\MPnumerator=\count139
\makeMPintoPDFobject=\count140
\everyMPtoPDFconversion=\toks33
) [1


{C:/ProgramData/MiKTeX/2.9/pdftex/config/pdftex.map}] [2

] (C:\Users\Thomas\Dropbox\2017-431\431notes\431-notes.toc
LaTeX Font Info:    Try loading font information for OT1+lmr on input line 2.
("C:\Program Files (x86)\MiKTeX 2.9\tex\latex\lm\ot1lmr.fd"
File: ot1lmr.fd 2009/10/30 v1.6 Font defs for Latin Modern
)
LaTeX Font Info:    Try loading font information for OML+lmm on input line 2.
("C:\Program Files (x86)\MiKTeX 2.9\tex\latex\lm\omllmm.fd"
File: omllmm.fd 2009/10/30 v1.6 Font defs for Latin Modern
)
LaTeX Font Info:    Try loading font information for OMS+lmsy on input line 2.
("C:\Program Files (x86)\MiKTeX 2.9\tex\latex\lm\omslmsy.fd"
File: omslmsy.fd 2009/10/30 v1.6 Font defs for Latin Modern
)
LaTeX Font Info:    Try loading font information for OMX+lmex on input line 2.
("C:\Program Files (x86)\MiKTeX 2.9\tex\latex\lm\omxlmex.fd"
File: omxlmex.fd 2009/10/30 v1.6 Font defs for Latin Modern
)
LaTeX Font Info:    External font `lmex10' loaded for size
(Font)              <10> on input line 2.
LaTeX Font Info:    External font `lmex10' loaded for size
(Font)              <7> on input line 2.
LaTeX Font Info:    External font `lmex10' loaded for size
(Font)              <5> on input line 2.
LaTeX Font Info:    Try loading font information for U+msa on input line 2.
("C:\Program Files (x86)\MiKTeX 2.9\tex\latex\amsfonts\umsa.fd"
File: umsa.fd 2013/01/14 v3.01 AMS symbols A
) ("C:\Program Files (x86)\MiKTeX 2.9\tex\latex\microtype\mt-msa.cfg"
File: mt-msa.cfg 2006/02/04 v1.1 microtype config. file: AMS symbols (a) (RS)
)
LaTeX Font Info:    Try loading font information for U+msb on input line 2.
("C:\Program Files (x86)\MiKTeX 2.9\tex\latex\amsfonts\umsb.fd"
File: umsb.fd 2013/01/14 v3.01 AMS symbols B
) ("C:\Program Files (x86)\MiKTeX 2.9\tex\latex\microtype\mt-msb.cfg"
File: mt-msb.cfg 2005/06/01 v1.0 microtype config. file: AMS symbols (b) (RS)
)
LaTeX Font Info:    Try loading font information for T1+lmtt on input line 48.
("C:\Program Files (x86)\MiKTeX 2.9\tex\latex\lm\t1lmtt.fd"
File: t1lmtt.fd 2009/10/30 v1.6 Font defs for Latin Modern
) [3])
\tf@toc=\write5
[4]
LaTeX Font Info:    Try loading font information for TS1+lmr on input line 160.

("C:\Program Files (x86)\MiKTeX 2.9\tex\latex\lm\ts1lmr.fd"
File: ts1lmr.fd 2009/10/30 v1.6 Font defs for Latin Modern
) [5

] [6]
Chapter 1.
<figures/data-science-venn20.png, id=234, 722.7pt x 542.025pt>
File: figures/data-science-venn20.png Graphic file (type png)
<use figures/data-science-venn20.png>
Package pdftex.def Info: figures/data-science-venn20.png used on input line 259
.
(pdftex.def)             Requested size: 375.80615pt x 281.85461pt.
<figures/data-science-cycle.png, id=238, 389.20406pt x 143.03438pt>
File: figures/data-science-cycle.png Graphic file (type png)
<use figures/data-science-cycle.png>
Package pdftex.def Info: figures/data-science-cycle.png used on input line 305.

(pdftex.def)             Requested size: 389.20905pt x 143.0362pt.
[7

] [8 <C:/Users/Thomas/Dropbox/2017-431/431notes/figures/data-science-venn20.png
> <C:/Users/Thomas/Dropbox/2017-431/431notes/figures/data-science-cycle.png>] [
9] [10

]
Chapter 2.
LaTeX Font Info:    Font shape `T1/lmtt/bx/n' in size <10> not available
(Font)              Font shape `T1/lmtt/b/n' tried instead on input line 432.
[11] [12] [13

] [14]
Chapter 3.
LaTeX Font Info:    External font `lmex10' loaded for size
(Font)              <8> on input line 536.
LaTeX Font Info:    External font `lmex10' loaded for size
(Font)              <6> on input line 536.
[15

]
<431-notes_files/figure-latex/nh_data_heightbyage1-fig-1.pdf, id=316, 469.755pt
 x 325.215pt>
File: 431-notes_files/figure-latex/nh_data_heightbyage1-fig-1.pdf Graphic file 
(type pdf)
<use 431-notes_files/figure-latex/nh_data_heightbyage1-fig-1.pdf>
Package pdftex.def Info: 431-notes_files/figure-latex/nh_data_heightbyage1-fig-
1.pdf used on input line 592.
(pdftex.def)             Requested size: 469.75386pt x 325.2142pt.
[16 <C:/Users/Thomas/Dropbox/2017-431/431notes/431-notes_files/figure-latex/nh_
data_heightbyage1-fig-1.pdf>]
LaTeX Font Info:    Try loading font information for TS1+lmtt on input line 667
.
("C:\Program Files (x86)\MiKTeX 2.9\tex\latex\lm\ts1lmtt.fd"
File: ts1lmtt.fd 2009/10/30 v1.6 Font defs for Latin Modern
) [17]
<431-notes_files/figure-latex/nh_data_heightbyageandgender1-fig-1.pdf, id=337, 
469.755pt x 325.215pt>
File: 431-notes_files/figure-latex/nh_data_heightbyageandgender1-fig-1.pdf Grap
hic file (type pdf)
<use 431-notes_files/figure-latex/nh_data_heightbyageandgender1-fig-1.pdf>
Package pdftex.def Info: 431-notes_files/figure-latex/nh_data_heightbyageandgen
der1-fig-1.pdf used on input line 687.
(pdftex.def)             Requested size: 469.75386pt x 325.2142pt.

<431-notes_files/figure-latex/nh_data_heightbyageandgender2-fig-1.pdf, id=338, 
469.755pt x 325.215pt>
File: 431-notes_files/figure-latex/nh_data_heightbyageandgender2-fig-1.pdf Grap
hic file (type pdf)
<use 431-notes_files/figure-latex/nh_data_heightbyageandgender2-fig-1.pdf>
Package pdftex.def Info: 431-notes_files/figure-latex/nh_data_heightbyageandgen
der2-fig-1.pdf used on input line 704.
(pdftex.def)             Requested size: 469.75386pt x 325.2142pt.

Underfull \vbox (badness 10000) has occurred while \output is active []

[18 <C:/Users/Thomas/Dropbox/2017-431/431notes/431-notes_files/figure-latex/nh_
data_heightbyageandgender1-fig-1.pdf>]
<431-notes_files/figure-latex/nh_data_heightbyageandgender3-fig-1.pdf, id=349, 
469.755pt x 325.215pt>
File: 431-notes_files/figure-latex/nh_data_heightbyageandgender3-fig-1.pdf Grap
hic file (type pdf)
<use 431-notes_files/figure-latex/nh_data_heightbyageandgender3-fig-1.pdf>
Package pdftex.def Info: 431-notes_files/figure-latex/nh_data_heightbyageandgen
der3-fig-1.pdf used on input line 724.
(pdftex.def)             Requested size: 469.75386pt x 325.2142pt.

Underfull \vbox (badness 10000) has occurred while \output is active []

[19 <C:/Users/Thomas/Dropbox/2017-431/431notes/431-notes_files/figure-latex/nh_
data_heightbyageandgender2-fig-1.pdf>]
<431-notes_files/figure-latex/nh_data_heightbyageandgender4-fig-1.pdf, id=361, 
469.755pt x 325.215pt>
File: 431-notes_files/figure-latex/nh_data_heightbyageandgender4-fig-1.pdf Grap
hic file (type pdf)
<use 431-notes_files/figure-latex/nh_data_heightbyageandgender4-fig-1.pdf>
Package pdftex.def Info: 431-notes_files/figure-latex/nh_data_heightbyageandgen
der4-fig-1.pdf used on input line 743.
(pdftex.def)             Requested size: 469.75386pt x 325.2142pt.

Underfull \vbox (badness 10000) has occurred while \output is active []

[20 <C:/Users/Thomas/Dropbox/2017-431/431notes/431-notes_files/figure-latex/nh_
data_heightbyageandgender3-fig-1.pdf>] [21 <C:/Users/Thomas/Dropbox/2017-431/43
1notes/431-notes_files/figure-latex/nh_data_heightbyageandgender4-fig-1.pdf>]
<431-notes_files/figure-latex/nh_data_2179_heighthistogram-fig-1.pdf, id=387, 4
69.755pt x 325.215pt>
File: 431-notes_files/figure-latex/nh_data_2179_heighthistogram-fig-1.pdf Graph
ic file (type pdf)
<use 431-notes_files/figure-latex/nh_data_2179_heighthistogram-fig-1.pdf>
Package pdftex.def Info: 431-notes_files/figure-latex/nh_data_2179_heighthistog
ram-fig-1.pdf used on input line 796.
(pdftex.def)             Requested size: 469.75386pt x 325.2142pt.

<431-notes_files/figure-latex/nh_data_2179_heighthistogram2-fig-1.pdf, id=388, 
469.755pt x 325.215pt>
File: 431-notes_files/figure-latex/nh_data_2179_heighthistogram2-fig-1.pdf Grap
hic file (type pdf)
<use 431-notes_files/figure-latex/nh_data_2179_heighthistogram2-fig-1.pdf>
Package pdftex.def Info: 431-notes_files/figure-latex/nh_data_2179_heighthistog
ram2-fig-1.pdf used on input line 825.
(pdftex.def)             Requested size: 469.75386pt x 325.2142pt.
[22 <C:/Users/Thomas/Dropbox/2017-431/431notes/431-notes_files/figure-latex/nh_
data_2179_heighthistogram-fig-1.pdf>]
<431-notes_files/figure-latex/nh_data_2179_histogramwithCWRUscheme-fig-1.pdf, i
d=403, 469.755pt x 325.215pt>
File: 431-notes_files/figure-latex/nh_data_2179_histogramwithCWRUscheme-fig-1.p
df Graphic file (type pdf)

<use 431-notes_files/figure-latex/nh_data_2179_histogramwithCWRUscheme-fig-1.pd
f>
Package pdftex.def Info: 431-notes_files/figure-latex/nh_data_2179_histogramwit
hCWRUscheme-fig-1.pdf used on input line 848.
(pdftex.def)             Requested size: 469.75386pt x 325.2142pt.

Underfull \vbox (badness 10000) has occurred while \output is active []

[23 <C:/Users/Thomas/Dropbox/2017-431/431notes/431-notes_files/figure-latex/nh_
data_2179_heighthistogram2-fig-1.pdf>]
<431-notes_files/figure-latex/nh_data_2179_heightbygender1-fig-1.pdf, id=414, 4
69.755pt x 325.215pt>
File: 431-notes_files/figure-latex/nh_data_2179_heightbygender1-fig-1.pdf Graph
ic file (type pdf)
<use 431-notes_files/figure-latex/nh_data_2179_heightbygender1-fig-1.pdf>
Package pdftex.def Info: 431-notes_files/figure-latex/nh_data_2179_heightbygend
er1-fig-1.pdf used on input line 873.
(pdftex.def)             Requested size: 469.75386pt x 325.2142pt.

Underfull \vbox (badness 10000) has occurred while \output is active []

[24 <C:/Users/Thomas/Dropbox/2017-431/431notes/431-notes_files/figure-latex/nh_
data_2179_histogramwithCWRUscheme-fig-1.pdf>]
<431-notes_files/figure-latex/nh_data_2179_heightbygender2-fig-1.pdf, id=426, 4
69.755pt x 325.215pt>
File: 431-notes_files/figure-latex/nh_data_2179_heightbygender2-fig-1.pdf Graph
ic file (type pdf)
<use 431-notes_files/figure-latex/nh_data_2179_heightbygender2-fig-1.pdf>
Package pdftex.def Info: 431-notes_files/figure-latex/nh_data_2179_heightbygend
er2-fig-1.pdf used on input line 887.
(pdftex.def)             Requested size: 469.75386pt x 325.2142pt.

Underfull \vbox (badness 10000) has occurred while \output is active []

[25 <C:/Users/Thomas/Dropbox/2017-431/431notes/431-notes_files/figure-latex/nh_
data_2179_heightbygender1-fig-1.pdf>]
<431-notes_files/figure-latex/nh_data_2179_heightbygenderbox-fig-1.pdf, id=437,
 469.755pt x 325.215pt>
File: 431-notes_files/figure-latex/nh_data_2179_heightbygenderbox-fig-1.pdf Gra
phic file (type pdf)
<use 431-notes_files/figure-latex/nh_data_2179_heightbygenderbox-fig-1.pdf>
Package pdftex.def Info: 431-notes_files/figure-latex/nh_data_2179_heightbygend
erbox-fig-1.pdf used on input line 904.
(pdftex.def)             Requested size: 469.75386pt x 325.2142pt.

Underfull \vbox (badness 10000) has occurred while \output is active []

[26 <C:/Users/Thomas/Dropbox/2017-431/431notes/431-notes_files/figure-latex/nh_
data_2179_heightbygender2-fig-1.pdf>]
<431-notes_files/figure-latex/nh_data_2179_heightbygenderhist-fig-1.pdf, id=448
, 469.755pt x 325.215pt>
File: 431-notes_files/figure-latex/nh_data_2179_heightbygenderhist-fig-1.pdf Gr
aphic file (type pdf)
<use 431-notes_files/figure-latex/nh_data_2179_heightbygenderhist-fig-1.pdf>
Package pdftex.def Info: 431-notes_files/figure-latex/nh_data_2179_heightbygend
erhist-fig-1.pdf used on input line 921.
(pdftex.def)             Requested size: 469.75386pt x 325.2142pt.

Underfull \vbox (badness 10000) has occurred while \output is active []

[27 <C:/Users/Thomas/Dropbox/2017-431/431notes/431-notes_files/figure-latex/nh_
data_2179_heightbygenderbox-fig-1.pdf>]
<431-notes_files/figure-latex/nh_data_2179_heightbygenderhist2-fig-1.pdf, id=45
9, 469.755pt x 325.215pt>
File: 431-notes_files/figure-latex/nh_data_2179_heightbygenderhist2-fig-1.pdf G
raphic file (type pdf)
<use 431-notes_files/figure-latex/nh_data_2179_heightbygenderhist2-fig-1.pdf>
Package pdftex.def Info: 431-notes_files/figure-latex/nh_data_2179_heightbygend
erhist2-fig-1.pdf used on input line 937.
(pdftex.def)             Requested size: 469.75386pt x 325.2142pt.

Underfull \vbox (badness 10000) has occurred while \output is active []

[28 <C:/Users/Thomas/Dropbox/2017-431/431notes/431-notes_files/figure-latex/nh_
data_2179_heightbygenderhist-fig-1.pdf>]
<431-notes_files/figure-latex/nh_data_2179_bmihistbin1-fig-1.pdf, id=470, 469.7
55pt x 325.215pt>
File: 431-notes_files/figure-latex/nh_data_2179_bmihistbin1-fig-1.pdf Graphic f
ile (type pdf)
<use 431-notes_files/figure-latex/nh_data_2179_bmihistbin1-fig-1.pdf>
Package pdftex.def Info: 431-notes_files/figure-latex/nh_data_2179_bmihistbin1-
fig-1.pdf used on input line 974.
(pdftex.def)             Requested size: 469.75386pt x 325.2142pt.
[29 <C:/Users/Thomas/Dropbox/2017-431/431notes/431-notes_files/figure-latex/nh_
data_2179_heightbygenderhist2-fig-1.pdf>]
<431-notes_files/figure-latex/nh_data_2179_bmihistbin5-fig-1.pdf, id=483, 469.7
55pt x 325.215pt>
File: 431-notes_files/figure-latex/nh_data_2179_bmihistbin5-fig-1.pdf Graphic f
ile (type pdf)
<use 431-notes_files/figure-latex/nh_data_2179_bmihistbin5-fig-1.pdf>
Package pdftex.def Info: 431-notes_files/figure-latex/nh_data_2179_bmihistbin5-
fig-1.pdf used on input line 990.
(pdftex.def)             Requested size: 469.75386pt x 325.2142pt.

Underfull \vbox (badness 10000) has occurred while \output is active []

[30 <C:/Users/Thomas/Dropbox/2017-431/431notes/431-notes_files/figure-latex/nh_
data_2179_bmihistbin1-fig-1.pdf>]
<431-notes_files/figure-latex/nh_data_2179_bmibygenderhist-fig-1.pdf, id=493, 4
69.755pt x 325.215pt>
File: 431-notes_files/figure-latex/nh_data_2179_bmibygenderhist-fig-1.pdf Graph
ic file (type pdf)
<use 431-notes_files/figure-latex/nh_data_2179_bmibygenderhist-fig-1.pdf>
Package pdftex.def Info: 431-notes_files/figure-latex/nh_data_2179_bmibygenderh
ist-fig-1.pdf used on input line 1005.
(pdftex.def)             Requested size: 469.75386pt x 325.2142pt.

Underfull \vbox (badness 10000) has occurred while \output is active []

[31 <C:/Users/Thomas/Dropbox/2017-431/431notes/431-notes_files/figure-latex/nh_
data_2179_bmihistbin5-fig-1.pdf>]
<431-notes_files/figure-latex/nh_data_2179_bmibydiabetes-fig-1.pdf, id=505, 469
.755pt x 325.215pt>
File: 431-notes_files/figure-latex/nh_data_2179_bmibydiabetes-fig-1.pdf Graphic
 file (type pdf)
<use 431-notes_files/figure-latex/nh_data_2179_bmibydiabetes-fig-1.pdf>
Package pdftex.def Info: 431-notes_files/figure-latex/nh_data_2179_bmibydiabete
s-fig-1.pdf used on input line 1044.
(pdftex.def)             Requested size: 469.75386pt x 325.2142pt.

Underfull \vbox (badness 10000) has occurred while \output is active []

[32 <C:/Users/Thomas/Dropbox/2017-431/431notes/431-notes_files/figure-latex/nh_
data_2179_bmibygenderhist-fig-1.pdf>]
<431-notes_files/figure-latex/nh_data_2179_bmibyrace-fig-1.pdf, id=516, 469.755
pt x 325.215pt>
File: 431-notes_files/figure-latex/nh_data_2179_bmibyrace-fig-1.pdf Graphic fil
e (type pdf)
<use 431-notes_files/figure-latex/nh_data_2179_bmibyrace-fig-1.pdf>
Package pdftex.def Info: 431-notes_files/figure-latex/nh_data_2179_bmibyrace-fi
g-1.pdf used on input line 1082.
(pdftex.def)             Requested size: 469.75386pt x 325.2142pt.

Underfull \vbox (badness 10000) has occurred while \output is active []

[33 <C:/Users/Thomas/Dropbox/2017-431/431notes/431-notes_files/figure-latex/nh_
data_2179_bmibydiabetes-fig-1.pdf>]
<431-notes_files/figure-latex/nh_data_2179_bmivspulse-fig-1.pdf, id=527, 469.75
5pt x 325.215pt>
File: 431-notes_files/figure-latex/nh_data_2179_bmivspulse-fig-1.pdf Graphic fi
le (type pdf)
<use 431-notes_files/figure-latex/nh_data_2179_bmivspulse-fig-1.pdf>
Package pdftex.def Info: 431-notes_files/figure-latex/nh_data_2179_bmivspulse-f
ig-1.pdf used on input line 1123.
(pdftex.def)             Requested size: 469.75386pt x 325.2142pt.

Underfull \vbox (badness 10000) has occurred while \output is active []

[34 <C:/Users/Thomas/Dropbox/2017-431/431notes/431-notes_files/figure-latex/nh_
data_2179_bmibyrace-fig-1.pdf>]
<431-notes_files/figure-latex/nh_data_2179_bmivspulsewithdm-fig-1.pdf, id=538, 
469.755pt x 325.215pt>
File: 431-notes_files/figure-latex/nh_data_2179_bmivspulsewithdm-fig-1.pdf Grap
hic file (type pdf)
<use 431-notes_files/figure-latex/nh_data_2179_bmivspulsewithdm-fig-1.pdf>
Package pdftex.def Info: 431-notes_files/figure-latex/nh_data_2179_bmivspulsewi
thdm-fig-1.pdf used on input line 1148.
(pdftex.def)             Requested size: 469.75386pt x 325.2142pt.

Underfull \vbox (badness 10000) has occurred while \output is active []

[35 <C:/Users/Thomas/Dropbox/2017-431/431notes/431-notes_files/figure-latex/nh_
data_2179_bmivspulse-fig-1.pdf>]
<431-notes_files/figure-latex/nh_data_2179_bmivspulsewithdmfacets-fig-1.pdf, id
=552, 469.755pt x 325.215pt>
File: 431-notes_files/figure-latex/nh_data_2179_bmivspulsewithdmfacets-fig-1.pd
f Graphic file (type pdf)

<use 431-notes_files/figure-latex/nh_data_2179_bmivspulsewithdmfacets-fig-1.pdf
>
Package pdftex.def Info: 431-notes_files/figure-latex/nh_data_2179_bmivspulsewi
thdmfacets-fig-1.pdf used on input line 1165.
(pdftex.def)             Requested size: 469.75386pt x 325.2142pt.

Underfull \vbox (badness 10000) has occurred while \output is active []

[36 <C:/Users/Thomas/Dropbox/2017-431/431notes/431-notes_files/figure-latex/nh_
data_2179_bmivspulsewithdm-fig-1.pdf>]
<431-notes_files/figure-latex/HealthGengraph1-fig-1.pdf, id=565, 469.755pt x 32
5.215pt>
File: 431-notes_files/figure-latex/HealthGengraph1-fig-1.pdf Graphic file (type
 pdf)
<use 431-notes_files/figure-latex/HealthGengraph1-fig-1.pdf>
Package pdftex.def Info: 431-notes_files/figure-latex/HealthGengraph1-fig-1.pdf
 used on input line 1204.
(pdftex.def)             Requested size: 469.75386pt x 325.2142pt.
[37 <C:/Users/Thomas/Dropbox/2017-431/431notes/431-notes_files/figure-latex/nh_
data_2179_bmivspulsewithdmfacets-fig-1.pdf>]
<431-notes_files/figure-latex/HealthGengraph2-fig-1.pdf, id=580, 469.755pt x 32
5.215pt>
File: 431-notes_files/figure-latex/HealthGengraph2-fig-1.pdf Graphic file (type
 pdf)
<use 431-notes_files/figure-latex/HealthGengraph2-fig-1.pdf>
Package pdftex.def Info: 431-notes_files/figure-latex/HealthGengraph2-fig-1.pdf
 used on input line 1219.
(pdftex.def)             Requested size: 469.75386pt x 325.2142pt.

Underfull \vbox (badness 10000) has occurred while \output is active []

[38 <C:/Users/Thomas/Dropbox/2017-431/431notes/431-notes_files/figure-latex/Hea
lthGengraph1-fig-1.pdf>]
<431-notes_files/figure-latex/HealthGengraph3-fig-1.pdf, id=590, 469.755pt x 32
5.215pt>
File: 431-notes_files/figure-latex/HealthGengraph3-fig-1.pdf Graphic file (type
 pdf)
<use 431-notes_files/figure-latex/HealthGengraph3-fig-1.pdf>
Package pdftex.def Info: 431-notes_files/figure-latex/HealthGengraph3-fig-1.pdf
 used on input line 1244.
(pdftex.def)             Requested size: 469.75386pt x 325.2142pt.

Underfull \vbox (badness 10000) has occurred while \output is active []

[39 <C:/Users/Thomas/Dropbox/2017-431/431notes/431-notes_files/figure-latex/Hea
lthGengraph2-fig-1.pdf>] [40 <C:/Users/Thomas/Dropbox/2017-431/431notes/431-not
es_files/figure-latex/HealthGengraph3-fig-1.pdf>]
Underfull \vbox (badness 1430) has occurred while \output is active []

[41]
<431-notes_files/figure-latex/nh_data_2179_bmibyhealth-fig-1.pdf, id=614, 469.7
55pt x 325.215pt>
File: 431-notes_files/figure-latex/nh_data_2179_bmibyhealth-fig-1.pdf Graphic f
ile (type pdf)
<use 431-notes_files/figure-latex/nh_data_2179_bmibyhealth-fig-1.pdf>
Package pdftex.def Info: 431-notes_files/figure-latex/nh_data_2179_bmibyhealth-
fig-1.pdf used on input line 1409.
(pdftex.def)             Requested size: 469.75386pt x 325.2142pt.

Underfull \vbox (badness 10000) has occurred while \output is active []

[42 <C:/Users/Thomas/Dropbox/2017-431/431notes/431-notes_files/figure-latex/nh_
data_2179_bmibyhealth-fig-1.pdf>]
<431-notes_files/figure-latex/nh_data_2179_bmibyhealthbygender1-fig-1.pdf, id=6
25, 469.755pt x 325.215pt>
File: 431-notes_files/figure-latex/nh_data_2179_bmibyhealthbygender1-fig-1.pdf 
Graphic file (type pdf)

<use 431-notes_files/figure-latex/nh_data_2179_bmibyhealthbygender1-fig-1.pdf>
Package pdftex.def Info: 431-notes_files/figure-latex/nh_data_2179_bmibyhealthb
ygender1-fig-1.pdf used on input line 1458.
(pdftex.def)             Requested size: 469.75386pt x 325.2142pt.

<431-notes_files/figure-latex/nh_data_2179_bmibyhealthbygender2-fig-1.pdf, id=6
26, 469.755pt x 325.215pt>
File: 431-notes_files/figure-latex/nh_data_2179_bmibyhealthbygender2-fig-1.pdf 
Graphic file (type pdf)

<use 431-notes_files/figure-latex/nh_data_2179_bmibyhealthbygender2-fig-1.pdf>
Package pdftex.def Info: 431-notes_files/figure-latex/nh_data_2179_bmibyhealthb
ygender2-fig-1.pdf used on input line 1474.
(pdftex.def)             Requested size: 469.75386pt x 325.2142pt.

Underfull \vbox (badness 10000) has occurred while \output is active []

[43 <C:/Users/Thomas/Dropbox/2017-431/431notes/431-notes_files/figure-latex/nh_
data_2179_bmibyhealthbygender1-fig-1.pdf>] [44 <C:/Users/Thomas/Dropbox/2017-43
1/431notes/431-notes_files/figure-latex/nh_data_2179_bmibyhealthbygender2-fig-1
.pdf>]
Chapter 4.
[45

]
Overfull \hbox (13.24358pt too wide) in paragraph at lines 1633--1633
[] \T1/lmtt/m/n/10 $ Education   : Factor w/ 5 levels "8th Grade","9 - 11th Gra
de",..: 5 3 4 5 3 5 1 3 5 1 ...[] 
 []

[46] [47] [48] [49] [50

]
Chapter 5.
LaTeX Font Info:    Font shape `T1/lmtt/bx/n' in size <14.4> not available
(Font)              Font shape `T1/lmtt/b/n' tried instead on input line 1964.
[51] [52] [53] [54] [55] [56] <figures/Empirical_Rule.png, id=732, 578.91281pt 
x 420.06938pt>
File: figures/Empirical_Rule.png Graphic file (type png)
<use figures/Empirical_Rule.png>
Package pdftex.def Info: figures/Empirical_Rule.png used on input line 2461.
(pdftex.def)             Requested size: 422.77951pt x 306.77629pt.

Underfull \vbox (badness 1221) has occurred while \output is active []

[57 <C:/Users/Thomas/Dropbox/2017-431/431notes/figures/Empirical_Rule.png>] <fi
gures/modality.png, id=742, 688.82344pt x 210.03468pt>
File: figures/modality.png Graphic file (type png)
<use figures/modality.png>
Package pdftex.def Info: figures/modality.png used on input line 2520.
(pdftex.def)             Requested size: 422.7778pt x 128.91257pt.
<figures/negandposskew.png, id=743, 447.6725pt x 159.59625pt>
File: figures/negandposskew.png Graphic file (type png)
<use figures/negandposskew.png>
Package pdftex.def Info: figures/negandposskew.png used on input line 2556.
(pdftex.def)             Requested size: 422.78635pt x 150.72426pt.
[58 <C:/Users/Thomas/Dropbox/2017-431/431notes/figures/modality.png>] <figures/
kurtosis.png, id=752, 595.47469pt x 346.29375pt>
File: figures/kurtosis.png Graphic file (type png)
<use figures/kurtosis.png>
Package pdftex.def Info: figures/kurtosis.png used on input line 2583.
(pdftex.def)             Requested size: 422.7718pt x 245.8597pt.
LaTeX Font Info:    Font shape `T1/lmtt/bx/n' in size <12> not available
(Font)              Font shape `T1/lmtt/b/n' tried instead on input line 2593.
[59 <C:/Users/Thomas/Dropbox/2017-431/431notes/figures/negandposskew.png>] [60 
<C:/Users/Thomas/Dropbox/2017-431/431notes/figures/kurtosis.png>] [61] [62]
Chapter 6.
[63

] [64] [65] [66]
Underfull \vbox (badness 3668) has occurred while \output is active []

[67]
Underfull \vbox (badness 10000) has occurred while \output is active []

[68]
Package atveryend Info: Empty hook `BeforeClearDocument' on input line 3302.
[69]
Package atveryend Info: Empty hook `AfterLastShipout' on input line 3302.
(C:\Users\Thomas\Dropbox\2017-431\431notes\431-notes.aux)
Package atveryend Info: Executing hook `AtVeryEndDocument' on input line 3302.
Package atveryend Info: Executing hook `AtEndAfterFileList' on input line 3302.

Package rerunfilecheck Info: File `431-notes.out' has not changed.
(rerunfilecheck)             Checksum: 2F470F9BFF9A38144E79063F98D6DD27;7438.
Package atveryend Info: Empty hook `AtVeryVeryEnd' on input line 3302.
 ) 
Here is how much of TeX's memory you used:
 13457 strings out of 493705
 202069 string characters out of 3142148
 302451 words of memory out of 3000000
 16264 multiletter control sequences out of 15000+200000
 83961 words of font info for 131 fonts, out of 3000000 for 9000
 1025 hyphenation exceptions out of 8191
 32i,9n,35p,419b,459s stack positions out of 5000i,500n,10000p,200000b,50000s
{C:/Program Files (x86)/MiKTeX 2.9/fonts/enc/dvips/lm/lm-mathit.enc}{C:/Progr
am Files (x86)/MiKTeX 2.9/fonts/enc/dvips/lm/lm-mathex.enc}{C:/Program Files (x
86)/MiKTeX 2.9/fonts/enc/dvips/lm/lm-ec.enc}{C:/Program Files (x86)/MiKTeX 2.9/
fonts/enc/dvips/lm/lm-mathsy.enc}{C:/Program Files (x86)/MiKTeX 2.9/fonts/enc/d
vips/lm/lm-rm.enc}{C:/Program Files (x86)/MiKTeX 2.9/fonts/enc/dvips/lm/lm-ts1.
enc}<C:/Program Files (x86)/MiKTeX 2.9/fonts/type1/public/lm/lmbx10.pfb><C:/Pro
gram Files (x86)/MiKTeX 2.9/fonts/type1/public/lm/lmbx12.pfb><C:/Program Files 
(x86)/MiKTeX 2.9/fonts/type1/public/lm/lmex10.pfb><C:/Program Files (x86)/MiKTe
X 2.9/fonts/type1/public/lm/lmmi10.pfb><C:/Program Files (x86)/MiKTeX 2.9/fonts
/type1/public/lm/lmmi7.pfb><C:/Program Files (x86)/MiKTeX 2.9/fonts/type1/publi
c/lm/lmr10.pfb><C:/Program Files (x86)/MiKTeX 2.9/fonts/type1/public/lm/lmr17.p
fb><C:/Program Files (x86)/MiKTeX 2.9/fonts/type1/public/lm/lmr6.pfb><C:/Progra
m Files (x86)/MiKTeX 2.9/fonts/type1/public/lm/lmr7.pfb><C:/Program Files (x86)
/MiKTeX 2.9/fonts/type1/public/lm/lmr8.pfb><C:/Program Files (x86)/MiKTeX 2.9/f
onts/type1/public/lm/lmri10.pfb><C:/Program Files (x86)/MiKTeX 2.9/fonts/type1/
public/lm/lmri12.pfb><C:/Program Files (x86)/MiKTeX 2.9/fonts/type1/public/lm/l
mro10.pfb><C:/Program Files (x86)/MiKTeX 2.9/fonts/type1/public/lm/lmsy10.pfb><
C:/Program Files (x86)/MiKTeX 2.9/fonts/type1/public/lm/lmtk10.pfb><C:/Program 
Files (x86)/MiKTeX 2.9/fonts/type1/public/lm/lmtt10.pfb><C:/Program Files (x86)
/MiKTeX 2.9/fonts/type1/public/lm/lmtt8.pfb><C:/Program Files (x86)/MiKTeX 2.9/
fonts/type1/public/lm/lmtti10.pfb>
Output written on 431-notes.pdf (69 pages, 1480943 bytes).
PDF statistics:
 928 PDF objects out of 1000 (max. 8388607)
 181 named destinations out of 1000 (max. 500000)
 16862 words of extra memory for PDF output out of 17280 (max. 10000000)

